Android/Unity/Hue14/app/build/outputs/logs/manifest-merger-debug-report.txt
-- Merging decision tree log ---
manifest
ADDED from AndroidManifest.xml:2:1
	package
		ADDED from AndroidManifest.xml:2:70
		INJECTED from AndroidManifest.xml:0:0
		INJECTED from AndroidManifest.xml:0:0
	android:versionName
		ADDED from AndroidManifest.xml:2:149
	android:versionCode
		ADDED from AndroidManifest.xml:2:175
		INJECTED from AndroidManifest.xml:0:0
		INJECTED from AndroidManifest.xml:0:0
	xmlns:android
		ADDED from AndroidManifest.xml:2:11
	android:installLocation
		ADDED from AndroidManifest.xml:2:199
	android:theme
		ADDED from AndroidManifest.xml:2:101
uses-feature#android.hardware.camera
ADDED from AndroidManifest.xml:3:3
	android:name
		ADDED from AndroidManifest.xml:3:17
supports-screens
ADDED from AndroidManifest.xml:4:3
	android:largeScreens
		ADDED from AndroidManifest.xml:4:78
	android:smallScreens
		ADDED from AndroidManifest.xml:4:21
	android:normalScreens
		ADDED from AndroidManifest.xml:4:49
	android:xlargeScreens
		ADDED from AndroidManifest.xml:4:106
	android:anyDensity
		ADDED from AndroidManifest.xml:4:135
uses-permission#android.permission.INTERNET
ADDED from AndroidManifest.xml:5:3
MERGED from Hue14:iotivity-armeabi-v7a-base-release:unspecified:34:5
	android:name
		ADDED from AndroidManifest.xml:5:20
uses-permission#android.permission.CAMERA
ADDED from AndroidManifest.xml:6:3
	android:name
		ADDED from AndroidManifest.xml:6:20
uses-permission#android.permission.ACCESS_NETWORK_STATE
ADDED from AndroidManifest.xml:7:3
MERGED from Hue14:iotivity-armeabi-v7a-base-release:unspecified:38:5
	android:name
		ADDED from AndroidManifest.xml:7:20
uses-permission#android.permission.WRITE_EXTERNAL_STORAGE
ADDED from AndroidManifest.xml:8:3
	android:name
		ADDED from AndroidManifest.xml:8:20
application
ADDED from AndroidManifest.xml:9:3
	android:label
		ADDED from AndroidManifest.xml:9:50
	android:debuggable
		ADDED from AndroidManifest.xml:9:142
	android:icon
		ADDED from AndroidManifest.xml:9:16
	android:banner
		ADDED from AndroidManifest.xml:9:191
	android:theme
		ADDED from AndroidManifest.xml:9:83
	android:isGame
		ADDED from AndroidManifest.xml:9:169
activity#com.IoTAR.HUE_150814.UnityPlayerNativeActivity
ADDED from AndroidManifest.xml:10:5
	android:screenOrientation
		ADDED from AndroidManifest.xml:10:48
	android:label
		ADDED from AndroidManifest.xml:10:15
	android:launchMode
		ADDED from AndroidManifest.xml:10:87
	android:configChanges
		ADDED from AndroidManifest.xml:10:119
	android:name
		ADDED from AndroidManifest.xml:10:277
intent-filter#android.intent.action.MAIN+android.intent.category.LAUNCHER
ADDED from AndroidManifest.xml:11:7
action#android.intent.action.MAIN
ADDED from AndroidManifest.xml:12:9
	android:name
		ADDED from AndroidManifest.xml:12:17
category#android.intent.category.LAUNCHER
ADDED from AndroidManifest.xml:13:9
	android:name
		ADDED from AndroidManifest.xml:13:19
meta-data#unityplayer.UnityActivity
ADDED from AndroidManifest.xml:15:7
	android:value
		ADDED from AndroidManifest.xml:15:59
	android:name
		ADDED from AndroidManifest.xml:15:18
meta-data#unityplayer.ForwardNativeEventsToDalvik
ADDED from AndroidManifest.xml:16:7
	android:value
		ADDED from AndroidManifest.xml:16:73
	android:name
		ADDED from AndroidManifest.xml:16:18
activity#com.unity3d.player.VideoPlayer
ADDED from AndroidManifest.xml:18:5
	android:screenOrientation
		ADDED from AndroidManifest.xml:18:94
	android:label
		ADDED from AndroidManifest.xml:18:61
	android:configChanges
		ADDED from AndroidManifest.xml:18:131
	android:name
		ADDED from AndroidManifest.xml:18:15
uses-library#com.ti.s3d
ADDED from AndroidManifest.xml:25:5
	android:required
		ADDED from AndroidManifest.xml:25:45
	android:name
		ADDED from AndroidManifest.xml:25:19
uses-library#com.osterhoutgroup.api.ext
ADDED from AndroidManifest.xml:29:5
	android:required
		ADDED from AndroidManifest.xml:29:61
	android:name
		ADDED from AndroidManifest.xml:29:19
uses-sdk
ADDED from AndroidManifest.xml:31:3
MERGED from Hue14:iotivity-armeabi-v7a-base-release:unspecified:28:5
	android:targetSdkVersion
		ADDED from AndroidManifest.xml:31:40
		INJECTED from AndroidManifest.xml:0:0
		INJECTED from AndroidManifest.xml:0:0
	android:minSdkVersion
		ADDED from AndroidManifest.xml:31:13
		INJECTED from AndroidManifest.xml:0:0
		INJECTED from AndroidManifest.xml:0:0
uses-feature#0x00020000
ADDED from AndroidManifest.xml:32:3
	android:glEsVersion
		ADDED from AndroidManifest.xml:32:17
uses-permission#android.permission.READ_PHONE_STATE
ADDED from AndroidManifest.xml:33:3
	android:name
		ADDED from AndroidManifest.xml:33:20
uses-feature#android.hardware.camera.autofocus
ADDED from AndroidManifest.xml:34:3
	android:required
		ADDED from AndroidManifest.xml:34:66
	android:name
		ADDED from AndroidManifest.xml:34:17
uses-feature#android.hardware.camera.front
ADDED from AndroidManifest.xml:35:3
	android:required
		ADDED from AndroidManifest.xml:35:62
	android:name
		ADDED from AndroidManifest.xml:35:17
uses-feature#android.hardware.touchscreen
ADDED from AndroidManifest.xml:36:3
	android:required
		ADDED from AndroidManifest.xml:36:61
	android:name
		ADDED from AndroidManifest.xml:36:17
uses-feature#android.hardware.touchscreen.multitouch
ADDED from AndroidManifest.xml:37:3
	android:required
		ADDED from AndroidManifest.xml:37:72
	android:name
		ADDED from AndroidManifest.xml:37:17
uses-feature#android.hardware.touchscreen.multitouch.distinct
ADDED from AndroidManifest.xml:38:3
	android:required
		ADDED from AndroidManifest.xml:38:81
	android:name
		ADDED from AndroidManifest.xml:38:17
uses-permission#android.permission.BLUETOOTH
ADDED from Hue14:iotivity-armeabi-v7a-base-release:unspecified:32:5
	android:name
		ADDED from Hue14:iotivity-armeabi-v7a-base-release:unspecified:32:22
uses-permission#android.permission.BLUETOOTH_ADMIN
ADDED from Hue14:iotivity-armeabi-v7a-base-release:unspecified:33:5
	android:name
		ADDED from Hue14:iotivity-armeabi-v7a-base-release:unspecified:33:22
uses-permission#android.permission.ACCESS_WIFI_STATE
ADDED from Hue14:iotivity-armeabi-v7a-base-release:unspecified:35:5
	android:name
		ADDED from Hue14:iotivity-armeabi-v7a-base-release:unspecified:35:22
uses-permission#android.permission.CHANGE_WIFI_MULTICAST_STATE
ADDED from Hue14:iotivity-armeabi-v7a-base-release:unspecified:36:5
	android:name
		ADDED from Hue14:iotivity-armeabi-v7a-base-release:unspecified:36:22
uses-permission#android.permission.CHANGE_NETWORK_STATE
ADDED from Hue14:iotivity-armeabi-v7a-base-release:unspecified:37:5
	android:name
		ADDED from Hue14:iotivity-armeabi-v7a-base-release:unspecified:37:22
uses-permission#android.permission.CHANGE_WIFI_STATE
ADDED from Hue14:iotivity-armeabi-v7a-base-release:unspecified:39:5
	android:name
		ADDED from Hue14:iotivity-armeabi-v7a-base-release:unspecified:39:22